Flow report for ov7670
Fri Aug 09 12:15:24 2019
Quartus II 64-Bit Version 13.1.0 Build 162 10/23/2013 SJ Full Version


---------------------
; Table of Contents ;
---------------------
  1. Legal Notice
  2. Flow Summary
  3. Flow Settings
  4. Flow Non-Default Global Settings
  5. Flow Elapsed Time
  6. Flow OS Summary
  7. Flow Log
  8. Flow Messages
  9. Flow Suppressed Messages



----------------
; Legal Notice ;
----------------
Copyright (C) 1991-2013 Altera Corporation
Your use of Altera Corporation's design tools, logic functions 
and other software and tools, and its AMPP partner logic 
functions, and any output files from any of the foregoing 
(including device programming or simulation files), and any 
associated documentation or information are expressly subject 
to the terms and conditions of the Altera Program License 
Subscription Agreement, Altera MegaCore Function License 
Agreement, or other applicable license agreement, including, 
without limitation, that your use is for the sole purpose of 
programming logic devices manufactured by Altera and sold by 
Altera or its authorized distributors.  Please refer to the 
applicable agreement for further details.



+----------------------------------------------------------------------------------+
; Flow Summary                                                                     ;
+------------------------------------+---------------------------------------------+
; Flow Status                        ; Successful - Fri Aug 09 12:15:24 2019       ;
; Quartus II 64-Bit Version          ; 13.1.0 Build 162 10/23/2013 SJ Full Version ;
; Revision Name                      ; ov7670                                      ;
; Top-level Entity Name              ; camera_demo                                 ;
; Family                             ; Cyclone IV E                                ;
; Device                             ; EP4CE6F17C8                                 ;
; Timing Models                      ; Final                                       ;
; Total logic elements               ; 1,374 / 6,272 ( 22 % )                      ;
;     Total combinational functions  ; 1,180 / 6,272 ( 19 % )                      ;
;     Dedicated logic registers      ; 616 / 6,272 ( 10 % )                        ;
; Total registers                    ; 616                                         ;
; Total pins                         ; 75 / 180 ( 42 % )                           ;
; Total virtual pins                 ; 0                                           ;
; Total memory bits                  ; 52,224 / 276,480 ( 19 % )                   ;
; Embedded Multiplier 9-bit elements ; 0 / 30 ( 0 % )                              ;
; Total PLLs                         ; 1 / 2 ( 50 % )                              ;
+------------------------------------+---------------------------------------------+


+-----------------------------------------+
; Flow Settings                           ;
+-------------------+---------------------+
; Option            ; Setting             ;
+-------------------+---------------------+
; Start date & time ; 08/09/2019 12:14:54 ;
; Main task         ; Compilation         ;
; Revision Name     ; ov7670              ;
+-------------------+---------------------+


+----------------------------------------------------------------------------------------------------------------------------------+
; Flow Non-Default Global Settings                                                                                                 ;
+--------------------------------------+---------------------------------------+---------------+-------------+---------------------+
; Assignment Name                      ; Value                                 ; Default Value ; Entity Name ; Section Id          ;
+--------------------------------------+---------------------------------------+---------------+-------------+---------------------+
; COMPILER_SIGNATURE_ID                ; 238368706585323.156532409405452       ; --            ; --          ; --                  ;
; EDA_DESIGN_INSTANCE_NAME             ; NA                                    ; --            ; --          ; sccb_func_module_tb ;
; EDA_NATIVELINK_SIMULATION_TEST_BENCH ; sccb_func_module_tb                   ; --            ; --          ; eda_simulation      ;
; EDA_OUTPUT_DATA_FORMAT               ; Verilog Hdl                           ; --            ; --          ; eda_simulation      ;
; EDA_SIMULATION_TOOL                  ; ModelSim (Verilog)                    ; <None>        ; --          ; --                  ;
; EDA_TEST_BENCH_ENABLE_STATUS         ; TEST_BENCH_MODE                       ; --            ; --          ; eda_simulation      ;
; EDA_TEST_BENCH_FILE                  ; ../simulation/sccb_func_module_tb.v   ; --            ; --          ; sccb_func_module_tb ;
; EDA_TEST_BENCH_MODULE_NAME           ; sccb_func_module_tb                   ; --            ; --          ; sccb_func_module_tb ;
; EDA_TEST_BENCH_NAME                  ; sccb_func_module_tb                   ; --            ; --          ; eda_simulation      ;
; EDA_TIME_SCALE                       ; 1 ps                                  ; --            ; --          ; eda_simulation      ;
; ENABLE_SIGNALTAP                     ; Off                                   ; --            ; --          ; --                  ;
; IP_TOOL_NAME                         ; ALTPLL                                ; --            ; --          ; --                  ;
; IP_TOOL_VERSION                      ; 13.1                                  ; --            ; --          ; --                  ;
; MAX_CORE_JUNCTION_TEMP               ; 85                                    ; --            ; --          ; --                  ;
; MIN_CORE_JUNCTION_TEMP               ; 0                                     ; --            ; --          ; --                  ;
; MISC_FILE                            ; ipcore/pll_module_bb.v                ; --            ; --          ; --                  ;
; MISC_FILE                            ; ipcore/pll_module.ppf                 ; --            ; --          ; --                  ;
; NOMINAL_CORE_SUPPLY_VOLTAGE          ; 1.2V                                  ; --            ; --          ; --                  ;
; PARTITION_COLOR                      ; 16764057                              ; --            ; camera_demo ; Top                 ;
; PARTITION_FITTER_PRESERVATION_LEVEL  ; PLACEMENT_AND_ROUTING                 ; --            ; camera_demo ; Top                 ;
; PARTITION_NETLIST_TYPE               ; SOURCE                                ; --            ; camera_demo ; Top                 ;
; POWER_BOARD_THERMAL_MODEL            ; None (CONSERVATIVE)                   ; --            ; --          ; --                  ;
; POWER_PRESET_COOLING_SOLUTION        ; 23 MM HEAT SINK WITH 200 LFPM AIRFLOW ; --            ; --          ; --                  ;
; PROJECT_OUTPUT_DIRECTORY             ; output_files                          ; --            ; --          ; --                  ;
; TOP_LEVEL_ENTITY                     ; camera_demo                           ; ov7670        ; --          ; --                  ;
; USE_SIGNALTAP_FILE                   ; stp2.stp                              ; --            ; --          ; --                  ;
+--------------------------------------+---------------------------------------+---------------+-------------+---------------------+


+-------------------------------------------------------------------------------------------------------------------------------+
; Flow Elapsed Time                                                                                                             ;
+---------------------------+--------------+-------------------------+---------------------+------------------------------------+
; Module Name               ; Elapsed Time ; Average Processors Used ; Peak Virtual Memory ; Total CPU Time (on all processors) ;
+---------------------------+--------------+-------------------------+---------------------+------------------------------------+
; Analysis & Synthesis      ; 00:00:09     ; 1.0                     ; 4704 MB             ; 00:00:08                           ;
; Fitter                    ; 00:00:10     ; 1.7                     ; 5422 MB             ; 00:00:12                           ;
; Assembler                 ; 00:00:01     ; 1.0                     ; 4614 MB             ; 00:00:01                           ;
; TimeQuest Timing Analyzer ; 00:00:02     ; 1.0                     ; 4710 MB             ; 00:00:03                           ;
; EDA Netlist Writer        ; 00:00:02     ; 1.0                     ; 4594 MB             ; 00:00:02                           ;
; Total                     ; 00:00:24     ; --                      ; --                  ; 00:00:26                           ;
+---------------------------+--------------+-------------------------+---------------------+------------------------------------+


+----------------------------------------------------------------------------------------+
; Flow OS Summary                                                                        ;
+---------------------------+------------------+-----------+------------+----------------+
; Module Name               ; Machine Hostname ; OS Name   ; OS Version ; Processor type ;
+---------------------------+------------------+-----------+------------+----------------+
; Analysis & Synthesis      ; DESKTOP-MVCV27E  ; Windows 7 ; 6.2        ; x86_64         ;
; Fitter                    ; DESKTOP-MVCV27E  ; Windows 7 ; 6.2        ; x86_64         ;
; Assembler                 ; DESKTOP-MVCV27E  ; Windows 7 ; 6.2        ; x86_64         ;
; TimeQuest Timing Analyzer ; DESKTOP-MVCV27E  ; Windows 7 ; 6.2        ; x86_64         ;
; EDA Netlist Writer        ; DESKTOP-MVCV27E  ; Windows 7 ; 6.2        ; x86_64         ;
+---------------------------+------------------+-----------+------------+----------------+


------------
; Flow Log ;
------------
quartus_map --read_settings_files=on --write_settings_files=off ov7670 -c ov7670
quartus_fit --read_settings_files=off --write_settings_files=off ov7670 -c ov7670
quartus_asm --read_settings_files=off --write_settings_files=off ov7670 -c ov7670
quartus_sta ov7670 -c ov7670
quartus_eda --read_settings_files=off --write_settings_files=off ov7670 -c ov7670



